app/build/intermediates/manifest_merge_blame_file/debug/manifest-merger-blame-debug-report.txt
1<?xml version="1.0" encoding="utf-8"?>
2<manifest xmlns:android="http://schemas.android.com/apk/res/android"
3    package="com.example.dca"
4    android:versionCode="1"
5    android:versionName="1.0" >
6
7    <uses-sdk
8        android:minSdkVersion="24"
8-->src\main\AndroidManifest.xml
9        android:targetSdkVersion="33" />
9-->src\main\AndroidManifest.xml
10
11    <uses-permission android:name="android.permission.INTERNET" />
11-->[com.google.firebase:firebase-auth:21.0.1] AndroidManifest.xml:23:5-67
11-->[com.google.firebase:firebase-auth:21.0.1] AndroidManifest.xml:23:22-64
12    <uses-permission android:name="android.permission.ACCESS_NETWORK_STATE" />
12-->[com.google.firebase:firebase-auth:21.0.1] AndroidManifest.xml:24:5-79
12-->[com.google.firebase:firebase-auth:21.0.1] AndroidManifest.xml:24:22-76
13
14    <application
14-->src\main\AndroidManifest.xml:5:5-70:19
15        android:allowBackup="true"
15-->src\main\AndroidManifest.xml:6:9-35
16        android:appComponentFactory="androidx.core.app.CoreComponentFactory"
16-->[androidx.core:core:1.7.0] AndroidManifest.xml:24:18-86
17        android:dataExtractionRules="@xml/data_extraction_rules"
17-->src\main\AndroidManifest.xml:7:9-65
18        android:debuggable="true"
19        android:extractNativeLibs="false"
20        android:fullBackupContent="@xml/backup_rules"
20-->src\main\AndroidManifest.xml:8:9-54
21        android:icon="@mipmap/ic_dsa_launcher"
21-->src\main\AndroidManifest.xml:9:9-47
22        android:label="@string/app_name"
22-->src\main\AndroidManifest.xml:10:9-41
23        android:supportsRtl="true"
23-->src\main\AndroidManifest.xml:11:9-35
24        android:testOnly="true"
25        android:theme="@style/Theme.Dca" >
25-->src\main\AndroidManifest.xml:12:9-41
26        <activity
26-->src\main\AndroidManifest.xml:14:9-16:40
27            android:name="com.example.dca.adminDelete"
27-->src\main\AndroidManifest.xml:15:13-40
28            android:exported="false" />
28-->src\main\AndroidManifest.xml:16:13-37
29        <activity
29-->src\main\AndroidManifest.xml:17:9-19:40
30            android:name="com.example.dca.adminUpdate"
30-->src\main\AndroidManifest.xml:18:13-40
31            android:exported="false" />
31-->src\main\AndroidManifest.xml:19:13-37
32        <activity
32-->src\main\AndroidManifest.xml:20:9-22:40
33            android:name="com.example.dca.adminAdd"
33-->src\main\AndroidManifest.xml:21:13-37
34            android:exported="false" />
34-->src\main\AndroidManifest.xml:22:13-37
35        <activity
35-->src\main\AndroidManifest.xml:23:9-25:40
36            android:name="com.example.dca.adminOrder"
36-->src\main\AndroidManifest.xml:24:13-39
37            android:exported="false" />
37-->src\main\AndroidManifest.xml:25:13-37
38        <activity
38-->src\main\AndroidManifest.xml:26:9-29:67
39            android:name="com.example.dca.ui.login.adminOrders"
39-->src\main\AndroidManifest.xml:27:13-49
40            android:exported="false"
40-->src\main\AndroidManifest.xml:28:13-37
41            android:label="@string/title_activity_admin_orders" />
41-->src\main\AndroidManifest.xml:29:13-64
42        <activity
42-->src\main\AndroidManifest.xml:30:9-32:40
43            android:name="com.example.dca.AdminPanel"
43-->src\main\AndroidManifest.xml:31:13-39
44            android:exported="false" />
44-->src\main\AndroidManifest.xml:32:13-37
45        <activity
45-->src\main\AndroidManifest.xml:33:9-35:40
46            android:name="com.example.dca.food_sec"
46-->src\main\AndroidManifest.xml:34:13-37
47            android:exported="false" />
47-->src\main\AndroidManifest.xml:35:13-37
48        <activity
48-->src\main\AndroidManifest.xml:36:9-38:40
49            android:name="com.example.dca.AdminActivity"
49-->src\main\AndroidManifest.xml:37:13-42
50            android:exported="false" />
50-->src\main\AndroidManifest.xml:38:13-37
51        <activity
51-->src\main\AndroidManifest.xml:39:9-41:40
52            android:name="com.example.dca.CartActivity"
52-->src\main\AndroidManifest.xml:40:13-41
53            android:exported="false" />
53-->src\main\AndroidManifest.xml:41:13-37
54        <activity
54-->src\main\AndroidManifest.xml:42:9-44:40
55            android:name="com.example.dca.AboutActivity"
55-->src\main\AndroidManifest.xml:43:13-42
56            android:exported="false" />
56-->src\main\AndroidManifest.xml:44:13-37
57        <activity
57-->src\main\AndroidManifest.xml:45:9-47:40
58            android:name="com.example.dca.ProfileActivity"
58-->src\main\AndroidManifest.xml:46:13-44
59            android:exported="false" />
59-->src\main\AndroidManifest.xml:47:13-37
60        <activity
60-->src\main\AndroidManifest.xml:48:9-50:40
61            android:name="com.example.dca.SettingsActivity"
61-->src\main\AndroidManifest.xml:49:13-45
62            android:exported="false" />
62-->src\main\AndroidManifest.xml:50:13-37
63        <activity
63-->src\main\AndroidManifest.xml:51:9-60:20
64            android:name="com.example.dca.Splashscreen"
64-->src\main\AndroidManifest.xml:52:13-41
65            android:exported="true"
65-->src\main\AndroidManifest.xml:53:13-36
66            android:theme="@style/SplashScreen" >
66-->src\main\AndroidManifest.xml:54:13-48
67            <intent-filter>
67-->src\main\AndroidManifest.xml:55:13-59:29
68                <action android:name="android.intent.action.MAIN" />
68-->src\main\AndroidManifest.xml:56:17-69
68-->src\main\AndroidManifest.xml:56:25-66
69
70                <category android:name="android.intent.category.LAUNCHER" />
70-->src\main\AndroidManifest.xml:58:17-77
70-->src\main\AndroidManifest.xml:58:27-74
71            </intent-filter>
72        </activity>
73        <activity
73-->src\main\AndroidManifest.xml:61:9-63:40
74            android:name="com.example.dca.LoginActivity"
74-->src\main\AndroidManifest.xml:62:13-42
75            android:exported="false" />
75-->src\main\AndroidManifest.xml:63:13-37
76        <activity
76-->src\main\AndroidManifest.xml:64:9-66:40
77            android:name="com.example.dca.SignupActivity"
77-->src\main\AndroidManifest.xml:65:13-43
78            android:exported="false" />
78-->src\main\AndroidManifest.xml:66:13-37
79        <activity
79-->src\main\AndroidManifest.xml:67:9-69:40
80            android:name="com.example.dca.MainActivity"
80-->src\main\AndroidManifest.xml:68:13-41
81            android:exported="false" />
81-->src\main\AndroidManifest.xml:69:13-37
82
83        <service
83-->[com.google.firebase:firebase-database-ktx:20.0.0] AndroidManifest.xml:12:9-18:19
84            android:name="com.google.firebase.components.ComponentDiscoveryService"
84-->[com.google.firebase:firebase-database-ktx:20.0.0] AndroidManifest.xml:13:13-84
85            android:directBootAware="true"
85-->[com.google.firebase:firebase-common:20.1.0] AndroidManifest.xml:35:13-43
86            android:exported="false" >
86-->[com.google.firebase:firebase-database-ktx:20.0.0] AndroidManifest.xml:14:13-37
87            <meta-data
87-->[com.google.firebase:firebase-database-ktx:20.0.0] AndroidManifest.xml:15:13-17:85
88                android:name="com.google.firebase.components:com.google.firebase.database.ktx.FirebaseDatabaseKtxRegistrar"
88-->[com.google.firebase:firebase-database-ktx:20.0.0] AndroidManifest.xml:16:17-124
89                android:value="com.google.firebase.components.ComponentRegistrar" />
89-->[com.google.firebase:firebase-database-ktx:20.0.0] AndroidManifest.xml:17:17-82
90            <meta-data
90-->[com.google.firebase:firebase-auth:21.0.1] AndroidManifest.xml:77:13-79:85
91                android:name="com.google.firebase.components:com.google.firebase.auth.FirebaseAuthRegistrar"
91-->[com.google.firebase:firebase-auth:21.0.1] AndroidManifest.xml:78:17-109
92                android:value="com.google.firebase.components.ComponentRegistrar" />
92-->[com.google.firebase:firebase-auth:21.0.1] AndroidManifest.xml:79:17-82
93            <meta-data
93-->[com.google.firebase:firebase-database:20.0.0] AndroidManifest.xml:32:13-34:85
94                android:name="com.google.firebase.components:com.google.firebase.database.DatabaseRegistrar"
94-->[com.google.firebase:firebase-database:20.0.0] AndroidManifest.xml:33:17-109
95                android:value="com.google.firebase.components.ComponentRegistrar" />
95-->[com.google.firebase:firebase-database:20.0.0] AndroidManifest.xml:34:17-82
96            <meta-data
96-->[com.google.firebase:firebase-config:21.0.2] AndroidManifest.xml:32:13-34:85
97                android:name="com.google.firebase.components:com.google.firebase.remoteconfig.RemoteConfigRegistrar"
97-->[com.google.firebase:firebase-config:21.0.2] AndroidManifest.xml:33:17-117
98                android:value="com.google.firebase.components.ComponentRegistrar" />
98-->[com.google.firebase:firebase-config:21.0.2] AndroidManifest.xml:34:17-82
99            <meta-data
99-->[com.google.firebase:firebase-common-ktx:20.0.0] AndroidManifest.xml:15:13-17:85
100                android:name="com.google.firebase.components:com.google.firebase.ktx.FirebaseCommonKtxRegistrar"
100-->[com.google.firebase:firebase-common-ktx:20.0.0] AndroidManifest.xml:16:17-113
101                android:value="com.google.firebase.components.ComponentRegistrar" />
101-->[com.google.firebase:firebase-common-ktx:20.0.0] AndroidManifest.xml:17:17-82
102            <meta-data
102-->[com.google.firebase:firebase-abt:21.0.1] AndroidManifest.xml:13:13-15:85
103                android:name="com.google.firebase.components:com.google.firebase.abt.component.AbtRegistrar"
103-->[com.google.firebase:firebase-abt:21.0.1] AndroidManifest.xml:14:17-109
104                android:value="com.google.firebase.components.ComponentRegistrar" />
104-->[com.google.firebase:firebase-abt:21.0.1] AndroidManifest.xml:15:17-82
105            <meta-data
105-->[com.google.firebase:firebase-installations:17.0.1] AndroidManifest.xml:18:13-20:85
106                android:name="com.google.firebase.components:com.google.firebase.installations.FirebaseInstallationsRegistrar"
106-->[com.google.firebase:firebase-installations:17.0.1] AndroidManifest.xml:19:17-127
107                android:value="com.google.firebase.components.ComponentRegistrar" />
107-->[com.google.firebase:firebase-installations:17.0.1] AndroidManifest.xml:20:17-82
108        </service>
109
110        <activity
110-->[com.google.firebase:firebase-auth:21.0.1] AndroidManifest.xml:27:9-44:20
111            android:name="com.google.firebase.auth.internal.GenericIdpActivity"
111-->[com.google.firebase:firebase-auth:21.0.1] AndroidManifest.xml:28:13-80
112            android:excludeFromRecents="true"
112-->[com.google.firebase:firebase-auth:21.0.1] AndroidManifest.xml:29:13-46
113            android:exported="true"
113-->[com.google.firebase:firebase-auth:21.0.1] AndroidManifest.xml:30:13-36
114            android:launchMode="singleTask"
114-->[com.google.firebase:firebase-auth:21.0.1] AndroidManifest.xml:31:13-44
115            android:theme="@android:style/Theme.Translucent.NoTitleBar" >
115-->[com.google.firebase:firebase-auth:21.0.1] AndroidManifest.xml:32:13-72
116            <intent-filter>
116-->[com.google.firebase:firebase-auth:21.0.1] AndroidManifest.xml:33:13-43:29
117                <action android:name="android.intent.action.VIEW" />
117-->[com.google.firebase:firebase-auth:21.0.1] AndroidManifest.xml:34:17-69
117-->[com.google.firebase:firebase-auth:21.0.1] AndroidManifest.xml:34:25-66
118
119                <category android:name="android.intent.category.DEFAULT" />
119-->[com.google.firebase:firebase-auth:21.0.1] AndroidManifest.xml:36:17-76
119-->[com.google.firebase:firebase-auth:21.0.1] AndroidManifest.xml:36:27-73
120                <category android:name="android.intent.category.BROWSABLE" />
120-->[com.google.firebase:firebase-auth:21.0.1] AndroidManifest.xml:37:17-78
120-->[com.google.firebase:firebase-auth:21.0.1] AndroidManifest.xml:37:27-75
121
122                <data
122-->[com.google.firebase:firebase-auth:21.0.1] AndroidManifest.xml:39:17-42:51
123                    android:host="firebase.auth"
123-->[com.google.firebase:firebase-auth:21.0.1] AndroidManifest.xml:40:21-49
124                    android:path="/"
124-->[com.google.firebase:firebase-auth:21.0.1] AndroidManifest.xml:41:21-37
125                    android:scheme="genericidp" />
125-->[com.google.firebase:firebase-auth:21.0.1] AndroidManifest.xml:42:21-48
126            </intent-filter>
127        </activity>
128        <activity
128-->[com.google.firebase:firebase-auth:21.0.1] AndroidManifest.xml:45:9-62:20
129            android:name="com.google.firebase.auth.internal.RecaptchaActivity"
129-->[com.google.firebase:firebase-auth:21.0.1] AndroidManifest.xml:46:13-79
130            android:excludeFromRecents="true"
130-->[com.google.firebase:firebase-auth:21.0.1] AndroidManifest.xml:47:13-46
131            android:exported="true"
131-->[com.google.firebase:firebase-auth:21.0.1] AndroidManifest.xml:48:13-36
132            android:launchMode="singleTask"
132-->[com.google.firebase:firebase-auth:21.0.1] AndroidManifest.xml:49:13-44
133            android:theme="@android:style/Theme.Translucent.NoTitleBar" >
133-->[com.google.firebase:firebase-auth:21.0.1] AndroidManifest.xml:50:13-72
134            <intent-filter>
134-->[com.google.firebase:firebase-auth:21.0.1] AndroidManifest.xml:51:13-61:29
135                <action android:name="android.intent.action.VIEW" />
135-->[com.google.firebase:firebase-auth:21.0.1] AndroidManifest.xml:34:17-69
135-->[com.google.firebase:firebase-auth:21.0.1] AndroidManifest.xml:34:25-66
136
137                <category android:name="android.intent.category.DEFAULT" />
137-->[com.google.firebase:firebase-auth:21.0.1] AndroidManifest.xml:36:17-76
137-->[com.google.firebase:firebase-auth:21.0.1] AndroidManifest.xml:36:27-73
138                <category android:name="android.intent.category.BROWSABLE" />
138-->[com.google.firebase:firebase-auth:21.0.1] AndroidManifest.xml:37:17-78
138-->[com.google.firebase:firebase-auth:21.0.1] AndroidManifest.xml:37:27-75
139
140                <data
140-->[com.google.firebase:firebase-auth:21.0.1] AndroidManifest.xml:39:17-42:51
141                    android:host="firebase.auth"
141-->[com.google.firebase:firebase-auth:21.0.1] AndroidManifest.xml:40:21-49
142                    android:path="/"
142-->[com.google.firebase:firebase-auth:21.0.1] AndroidManifest.xml:41:21-37
143                    android:scheme="recaptcha" />
143-->[com.google.firebase:firebase-auth:21.0.1] AndroidManifest.xml:42:21-48
144            </intent-filter>
145        </activity>
146
147        <service
147-->[com.google.firebase:firebase-auth:21.0.1] AndroidManifest.xml:64:9-73:19
148            android:name="com.google.firebase.auth.api.fallback.service.FirebaseAuthFallbackService"
148-->[com.google.firebase:firebase-auth:21.0.1] AndroidManifest.xml:65:13-101
149            android:enabled="true"
149-->[com.google.firebase:firebase-auth:21.0.1] AndroidManifest.xml:66:13-35
150            android:exported="false" >
150-->[com.google.firebase:firebase-auth:21.0.1] AndroidManifest.xml:67:13-37
151            <intent-filter>
151-->[com.google.firebase:firebase-auth:21.0.1] AndroidManifest.xml:68:13-72:29
152                <action android:name="com.google.firebase.auth.api.gms.service.START" />
152-->[com.google.firebase:firebase-auth:21.0.1] AndroidManifest.xml:69:17-89
152-->[com.google.firebase:firebase-auth:21.0.1] AndroidManifest.xml:69:25-86
153
154                <category android:name="android.intent.category.DEFAULT" />
154-->[com.google.firebase:firebase-auth:21.0.1] AndroidManifest.xml:36:17-76
154-->[com.google.firebase:firebase-auth:21.0.1] AndroidManifest.xml:36:27-73
155            </intent-filter>
156        </service>
157
158        <activity
158-->[com.google.android.gms:play-services-base:17.1.0] AndroidManifest.xml:23:9-26:75
159            android:name="com.google.android.gms.common.api.GoogleApiActivity"
159-->[com.google.android.gms:play-services-base:17.1.0] AndroidManifest.xml:24:13-79
160            android:exported="false"
160-->[com.google.android.gms:play-services-base:17.1.0] AndroidManifest.xml:25:13-37
161            android:theme="@android:style/Theme.Translucent.NoTitleBar" />
161-->[com.google.android.gms:play-services-base:17.1.0] AndroidManifest.xml:26:13-72
162
163        <provider
163-->[com.google.firebase:firebase-common:20.1.0] AndroidManifest.xml:26:9-31:39
164            android:name="com.google.firebase.provider.FirebaseInitProvider"
164-->[com.google.firebase:firebase-common:20.1.0] AndroidManifest.xml:27:13-77
165            android:authorities="com.example.dca.firebaseinitprovider"
165-->[com.google.firebase:firebase-common:20.1.0] AndroidManifest.xml:28:13-72
166            android:directBootAware="true"
166-->[com.google.firebase:firebase-common:20.1.0] AndroidManifest.xml:29:13-43
167            android:exported="false"
167-->[com.google.firebase:firebase-common:20.1.0] AndroidManifest.xml:30:13-37
168            android:initOrder="100" />
168-->[com.google.firebase:firebase-common:20.1.0] AndroidManifest.xml:31:13-36
169
170        <meta-data
170-->[com.google.android.gms:play-services-basement:18.0.0] AndroidManifest.xml:21:9-23:69
171            android:name="com.google.android.gms.version"
171-->[com.google.android.gms:play-services-basement:18.0.0] AndroidManifest.xml:22:13-58
172            android:value="@integer/google_play_services_version" />
172-->[com.google.android.gms:play-services-basement:18.0.0] AndroidManifest.xml:23:13-66
173
174        <provider
174-->[androidx.emoji2:emoji2:1.0.0] AndroidManifest.xml:26:9-34:20
175            android:name="androidx.startup.InitializationProvider"
175-->[androidx.emoji2:emoji2:1.0.0] AndroidManifest.xml:27:13-67
176            android:authorities="com.example.dca.androidx-startup"
176-->[androidx.emoji2:emoji2:1.0.0] AndroidManifest.xml:28:13-68
177            android:exported="false" >
177-->[androidx.emoji2:emoji2:1.0.0] AndroidManifest.xml:29:13-37
178            <meta-data
178-->[androidx.emoji2:emoji2:1.0.0] AndroidManifest.xml:31:13-33:52
179                android:name="androidx.emoji2.text.EmojiCompatInitializer"
179-->[androidx.emoji2:emoji2:1.0.0] AndroidManifest.xml:32:17-75
180                android:value="androidx.startup" />
180-->[androidx.emoji2:emoji2:1.0.0] AndroidManifest.xml:33:17-49
181            <meta-data
181-->[androidx.lifecycle:lifecycle-process:2.4.0] AndroidManifest.xml:31:13-33:52
182                android:name="androidx.lifecycle.ProcessLifecycleInitializer"
182-->[androidx.lifecycle:lifecycle-process:2.4.0] AndroidManifest.xml:32:17-78
183                android:value="androidx.startup" />
183-->[androidx.lifecycle:lifecycle-process:2.4.0] AndroidManifest.xml:33:17-49
184        </provider>
185    </application>
186
187</manifest>